
	            G L O B A L   R E F E R E N C E S

	             Name               Value        Type
	==============================|=======|===============
	SP_INICIAL                       FDFF         CONSTANT
	DISPLAY_7S_1                     FFF0         CONSTANT
	LCD_C_ADDR                       FFF4         CONSTANT
	LCD_O_ADDR                       FFF5         CONSTANT
	CONT_STEP_ADDR                   FFF6         CONSTANT
	CONT_CTRL_ADDR                   FFF7         CONSTANT
	LEDS_ADDR                        FFF8         CONSTANT
	INT_MASK_ADDR                    FFFA         CONSTANT
	DISPLAY_C_ADDR                   FFFC         CONSTANT
	DISPLAY_O_ADDR                   FFFE         CONSTANT
	INT_MASK                         8007         CONSTANT
	LCD_CURSOR_INIC                  8005         CONSTANT
	LCD_CURSOR_TXT                   8007         CONSTANT
	COLUNAS                          004F         CONSTANT
	LINHAS                           0018         CONSTANT
	FIM_TEXTO                        0040         CONSTANT
	CHAR_TRACO                       002D         CONSTANT
	CHAR_O                           004F         CONSTANT
	CHAR_X                           0058         CONSTANT
	CHAR_                            003E         CONSTANT
	ESPACO                           0020         CONSTANT
	CHAR_0                           0030         CONSTANT
	PHYSICS_STEP                     0001         CONSTANT
	GRAV_POR_STEP                    0010         CONSTANT
	IMPULSO_SUBIDA                   00D0         CONSTANT
	POS_OBST_MAX                     000F         CONSTANT
	INTERV_OBSTAC                    0005         CONSTANT
	ESPACO_OBST                      0006         CONSTANT
	NIVEL_MAXIMO                     0008         CONSTANT
	MASK_SEQUENCIA                   8016         CONSTANT
	Vartext1                         8000           STRING
	Vartext2                         800B           STRING
	Vartext3                         8028           STRING
	Vartext4                         8030           STRING
	VarText5                         803C           STRING
	COMECAR_JOGO                     805B           STRING
	N_SEQUENCIA                      805C           STRING
	P_COLUNA_ATUAL                   805D           STRING
	P_LINHA_ATUAL                    805E           STRING
	LINHA_ATUAL                      805F           STRING
	FALTA_SUBIR                      8060           STRING
	VELOCIDADES                      8061           STRING
	VELOCIDADE                       806A           STRING
	NIVEL                            806B           STRING
	V_OBSTACULOS                     806C           STRING
	CONT_MOV_OBST                    806D           STRING
	CONTADOR_OBST                    806E           STRING
	DistanciaPerc                    806F           STRING
	ObstaculosUltr                   8070           STRING
	OBSTACULOS                       8071            TABLE
	NIVEL_MUDOU                      80C0           STRING
	DEVE_SUBIR                       80C1           STRING
	DEVE_CRIAR_OSBT                  80C2           STRING
	DEVE_MOVER_OBST                  80C3           STRING
	DEVE_PYSC_STEP                   80C4           STRING
	INT0                             FE00         VARIABLE
	INT1                             FE01         VARIABLE
	INT2                             FE02         VARIABLE
	INT15                            FE0F         VARIABLE
	i0Premido                        0002            LABEL
	i1Premido                        0005            LABEL
	FimI1Primido                     000E            LABEL
	i2Premido                        000F            LABEL
	FimI2Primido                     0019            LABEL
	tempAtivado                      001B            LABEL
	temporAtiv2                      0022            LABEL
	FimTempAtivado                   002C            LABEL
	Random                           002D            LABEL
	Random2                          0039            LABEL
	RandomFim                        0040            LABEL
	LimpaJanela                      0049            LABEL
	CicloLinhas                      004B            LABEL
	CicloColunas                     004E            LABEL
	FimColunas                       0059            LABEL
	FimLimpaJanela                   005C            LABEL
	LimpaLCD                         005D            LABEL
	CicloLimpaLCD                    0061            LABEL
	FimLimpaLCD                      006A            LABEL
	EscreveChar                      006B            LABEL
	EscreveStr                       007E            LABEL
	CicloEscreveStr                  0088            LABEL
	FimEscreveStr                    0094            LABEL
	AtualDisplay7S                   0099            LABEL
	CicloAtualD7S                    00A0            LABEL
	AtualizaLeds                     00AB            LABEL
	CicloAtualLeds                   00AF            LABEL
	FimAtualizaLeds                  00B5            LABEL
	LCD                              00B8            LABEL
	CicloLCD                         00BC            LABEL
	EscreveStrLCD                    00CA            LABEL
	CiclEscrvStrLCD                  00CE            LABEL
	FimEscrvStrLCD                   00D9            LABEL
	DesenhaLimites                   00DA            LABEL
	CicloDLim2                       00DB            LABEL
	CicloDLim1                       00DE            LABEL
	FimDesenhaLim                    00ED            LABEL
	AtualizaPassaro                  00EE            LABEL
	DesenhaPassaro                   00FA            LABEL
	InicioDPassaro                   00FE            LABEL
	AtualizaObst                     010A            LABEL
	DesenhaObst                      0110            LABEL
	InicioAO                         0112            LABEL
	CicloColAO                       0115            LABEL
	CicloLinhaAO                     0125            LABEL
	SaltaCicloAO                     0129            LABEL
	FimCicloAO                       0131            LABEL
	FimAtualzObst                    0135            LABEL
	VerificaColisao                  0136            LABEL
	VC2                              0142            LABEL
	VerfcColsBico                    0150            LABEL
	HaColisao                        0156            LABEL
	NaoHaColisao                     015B            LABEL
	MudaPassaro                      015E            LABEL
	SobePassaro                      017B            LABEL
	CriaObstaculo                    0182            LABEL
	MoveObstaculos                   0191            LABEL
	CicloMoveObst                    019B            LABEL
	SaltaMoveObst                    01A6            LABEL
	FimCicloMO                       01AC            LABEL
	FimMoveObst                      01C0            LABEL
	PhysicsStep                      01C1            LABEL
	SaltaPhyscsStep                  01CF            LABEL
	ReiniciaJogo                     01E3            LABEL
	CicloLimpaObst                   0210            LABEL
	FimReinicio                      0217            LABEL
	Inicio                           0219            LABEL
	EsperaInicio                     0235            LABEL
	ComecaJogo                       023B            LABEL
	Ciclo1                           0257            LABEL
	Ciclo2                           025C            LABEL
	Ciclo3                           0261            LABEL
	FimJogo                          0267            LABEL
	CicloFimJogo                     0277            LABEL
